<?xml version="1.0" encoding="UTF-8"?>
<!-- Generated by org.testng.reporters.JUnitReportReporter -->
<testsuite hostname="Abi" failures="0" tests="2" name="test.contactListTest" time="13.911" errors="0" timestamp="2024-12-18T22:43:43 IST" skipped="0">
  <testcase classname="test.contactListTest" name="logoutTest" time="7.558"/>
  <system-out/>
  <testcase classname="test.contactListTest" name="validateContactDisplayTest" time="6.353"/>
  <system-out/>
</testsuite> <!-- test.contactListTest -->
