<?xml version="1.0" encoding="UTF-8"?>
<!-- Generated by org.testng.reporters.JUnitReportReporter -->
<testsuite hostname="Abi" failures="0" tests="10" name="test.searchHotelTest" time="134.941" errors="0" timestamp="2024-11-26T18:03:16 IST" skipped="0">
  <testcase classname="test.searchHotelTest" name="searchTest" time="10.649"/>
  <system-out/>
  <testcase classname="test.searchHotelTest" name="searchTest" time="9.610"/>
  <system-out/>
  <testcase classname="test.searchHotelTest" name="searchTest" time="12.307"/>
  <system-out/>
  <testcase classname="test.searchHotelTest" name="searchTest" time="10.806"/>
  <system-out/>
  <testcase classname="test.searchHotelTest" name="searchTest" time="12.439"/>
  <system-out/>
  <testcase classname="test.searchHotelTest" name="searchTest" time="35.991"/>
  <system-out/>
  <testcase classname="test.searchHotelTest" name="searchTest" time="10.043"/>
  <system-out/>
  <testcase classname="test.searchHotelTest" name="searchTest" time="11.161"/>
  <system-out/>
  <testcase classname="test.searchHotelTest" name="searchTest" time="11.561"/>
  <system-out/>
  <testcase classname="test.searchHotelTest" name="searchTest" time="10.374"/>
  <system-out/>
</testsuite> <!-- test.searchHotelTest -->
