<?xml version="1.0" encoding="UTF-8"?>
<!-- Generated by org.testng.reporters.JUnitReportReporter -->
<testsuite hostname="Abi" failures="0" tests="1" name="testCase.signupTest" time="5.232" errors="0" timestamp="2024-12-15T19:09:56 IST" skipped="0">
  <testcase classname="testCase.signupTest" name="validateSignupTest" time="5.232"/>
  <system-out/>
</testsuite> <!-- testCase.signupTest -->
