<?xml version="1.0" encoding="UTF-8"?>
<!-- Generated by org.testng.reporters.JUnitReportReporter -->
<testsuite hostname="Abi" failures="0" tests="1" name="test.otherTest" time="0.000" errors="0" timestamp="2024-11-27T16:41:26 IST" skipped="1">
  <testcase classname="test.otherTest" name="otherScenarioTest" time="0.000">
    <skipped/>
  </testcase> <!-- otherScenarioTest -->
  <system-out/>
</testsuite> <!-- test.otherTest -->
