<?xml version="1.0" encoding="UTF-8"?>
<!-- Generated by org.testng.reporters.JUnitReportReporter -->
<testsuite hostname="Abi" failures="0" tests="9" name="test.addContactTest" time="144.103" errors="0" timestamp="2024-12-18T20:49:19 IST" skipped="0">
  <testcase classname="test.addContactTest" name="validateAddContactTest" time="12.827"/>
  <system-out/>
  <testcase classname="test.addContactTest" name="validateAddContactTest" time="13.754"/>
  <system-out/>
  <testcase classname="test.addContactTest" name="validateAddContactTest" time="13.079"/>
  <system-out/>
  <testcase classname="test.addContactTest" name="validateAddContactTest" time="13.245"/>
  <system-out/>
  <testcase classname="test.addContactTest" name="validateAddContactTest" time="39.319"/>
  <system-out/>
  <testcase classname="test.addContactTest" name="validateAddContactTest" time="13.668"/>
  <system-out/>
  <testcase classname="test.addContactTest" name="validateAddContactTest" time="13.439"/>
  <system-out/>
  <testcase classname="test.addContactTest" name="validateAddContactTest" time="12.433"/>
  <system-out/>
  <testcase classname="test.addContactTest" name="validateAddContactTest" time="12.339"/>
  <system-out/>
</testsuite> <!-- test.addContactTest -->
