<?xml version="1.0" encoding="UTF-8"?>
<!-- Generated by org.testng.reporters.JUnitReportReporter -->
<testsuite hostname="Abi" failures="0" tests="1" name="testCase.productdetailTest" time="8.274" errors="0" timestamp="2024-12-15T19:09:56 IST" skipped="0">
  <testcase classname="testCase.productdetailTest" name="clickproduct" time="8.274"/>
  <system-out/>
</testsuite> <!-- testCase.productdetailTest -->
