<?xml version="1.0" encoding="UTF-8"?>
<!-- Generated by org.testng.reporters.JUnitReportReporter -->
<testsuite hostname="Abi" failures="0" tests="1" name="testCase.paymentTest" time="11.245" errors="0" timestamp="2024-12-15T19:09:56 IST" skipped="0">
  <testcase classname="testCase.paymentTest" name="validatePaymentTest" time="11.245"/>
  <system-out/>
</testsuite> <!-- testCase.paymentTest -->
