<?xml version="1.0" encoding="UTF-8"?>
<!-- Generated by org.testng.reporters.JUnitReportReporter -->
<testsuite hostname="Abi" failures="0" tests="1" name="test.signUpTest" time="10.128" errors="0" timestamp="2024-12-18T20:49:19 IST" skipped="0">
  <testcase classname="test.signUpTest" name="validateSignupTest" time="10.128"/>
  <system-out/>
</testsuite> <!-- test.signUpTest -->
