<?xml version="1.0" encoding="UTF-8"?>
<!-- Generated by org.testng.reporters.JUnitReportReporter -->
<testsuite hostname="Abi" failures="0" tests="2" name="testCase.loginTest" time="20.090" errors="0" timestamp="2024-11-27T17:04:54 IST" skipped="0">
  <testcase classname="testCase.loginTest" name="loginTestCase" time="8.345"/>
  <system-out/>
  <testcase classname="testCase.loginTest" name="loginTestCase" time="11.745"/>
  <system-out/>
</testsuite> <!-- testCase.loginTest -->
