<?xml version="1.0" encoding="UTF-8"?>
<!-- Generated by org.testng.reporters.JUnitReportReporter -->
<testsuite hostname="Abi" failures="0" tests="2" name="test.loginTest" time="15.960" errors="0" timestamp="2024-12-18T20:49:19 IST" skipped="0">
  <testcase classname="test.loginTest" name="validateLoginTest" time="8.709"/>
  <system-out/>
  <testcase classname="test.loginTest" name="invalidLoginTest" time="7.251"/>
  <system-out/>
</testsuite> <!-- test.loginTest -->
