<?xml version="1.0" encoding="UTF-8"?>
<!-- Generated by org.testng.reporters.JUnitReportReporter -->
<testsuite hostname="Abi" failures="0" tests="2" name="testCase.loginTest" time="14.720" errors="0" timestamp="2024-12-15T19:09:56 IST" skipped="0">
  <testcase classname="testCase.loginTest" name="validateLoginTest" time="7.699"/>
  <system-out/>
  <testcase classname="testCase.loginTest" name="validateLogoutTest" time="7.021"/>
  <system-out/>
</testsuite> <!-- testCase.loginTest -->
