<?xml version="1.0" encoding="UTF-8"?>
<!-- Generated by org.testng.reporters.JUnitReportReporter -->
<testsuite hostname="Abi" failures="0" tests="5" name="test.otherTest" time="151.619" errors="0" timestamp="2024-11-26T18:03:16 IST" skipped="0">
  <testcase classname="test.otherTest" name="otherScenarioTest" time="7.742"/>
  <system-out/>
  <testcase classname="test.otherTest" name="otherScenarioTest" time="35.279"/>
  <system-out/>
  <testcase classname="test.otherTest" name="otherScenarioTest" time="35.723"/>
  <system-out/>
  <testcase classname="test.otherTest" name="otherScenarioTest" time="61.290"/>
  <system-out/>
  <testcase classname="test.otherTest" name="otherScenarioTest" time="11.585"/>
  <system-out/>
</testsuite> <!-- test.otherTest -->
