<?xml version="1.0" encoding="UTF-8"?>
<!-- Generated by org.testng.reporters.JUnitReportReporter -->
<testsuite hostname="Abi" failures="0" tests="1" name="test.selectHotelTest" time="11.386" errors="0" timestamp="2024-11-26T18:03:16 IST" skipped="0">
  <testcase classname="test.selectHotelTest" name="selectTest" time="11.386"/>
  <system-out/>
</testsuite> <!-- test.selectHotelTest -->
