<?xml version="1.0" encoding="UTF-8"?>
<!-- Generated by org.testng.reporters.JUnitReportReporter -->
<testsuite hostname="Abi" failures="0" tests="12" name="test.bookaHotelTest" time="0.000" errors="0" timestamp="2024-11-27T16:41:26 IST" skipped="12">
  <testcase classname="test.bookaHotelTest" name="bookTest" time="0.000">
    <skipped/>
  </testcase> <!-- bookTest -->
  <system-out/>
  <testcase classname="test.bookaHotelTest" name="bookTest" time="0.000">
    <skipped/>
  </testcase> <!-- bookTest -->
  <system-out/>
  <testcase classname="test.bookaHotelTest" name="bookTest" time="0.000">
    <skipped/>
  </testcase> <!-- bookTest -->
  <system-out/>
  <testcase classname="test.bookaHotelTest" name="bookTest" time="0.000">
    <skipped/>
  </testcase> <!-- bookTest -->
  <system-out/>
  <testcase classname="test.bookaHotelTest" name="bookTest" time="0.000">
    <skipped/>
  </testcase> <!-- bookTest -->
  <system-out/>
  <testcase classname="test.bookaHotelTest" name="bookTest" time="0.000">
    <skipped/>
  </testcase> <!-- bookTest -->
  <system-out/>
  <testcase classname="test.bookaHotelTest" name="bookTest" time="0.000">
    <skipped/>
  </testcase> <!-- bookTest -->
  <system-out/>
  <testcase classname="test.bookaHotelTest" name="bookTest" time="0.000">
    <skipped/>
  </testcase> <!-- bookTest -->
  <system-out/>
  <testcase classname="test.bookaHotelTest" name="bookTest" time="0.000">
    <skipped/>
  </testcase> <!-- bookTest -->
  <system-out/>
  <testcase classname="test.bookaHotelTest" name="bookTest" time="0.000">
    <skipped/>
  </testcase> <!-- bookTest -->
  <system-out/>
  <testcase classname="test.bookaHotelTest" name="bookTest" time="0.000">
    <skipped/>
  </testcase> <!-- bookTest -->
  <system-out/>
  <testcase classname="test.bookaHotelTest" name="bookTest" time="0.000">
    <skipped/>
  </testcase> <!-- bookTest -->
  <system-out/>
</testsuite> <!-- test.bookaHotelTest -->
