<?xml version="1.0" encoding="UTF-8"?>
<!-- Generated by org.testng.reporters.JUnitReportReporter -->
<testsuite hostname="Abi" failures="0" tests="2" name="test.loginTest" time="10.843" errors="0" timestamp="2024-12-18T22:43:43 IST" skipped="0">
  <testcase classname="test.loginTest" name="validateLoginTest" time="5.494"/>
  <system-out/>
  <testcase classname="test.loginTest" name="invalidLoginTest" time="5.349"/>
  <system-out/>
</testsuite> <!-- test.loginTest -->
