<?xml version="1.0" encoding="UTF-8"?>
<!-- Generated by org.testng.reporters.JUnitReportReporter -->
<testsuite hostname="Abi" failures="0" tests="3" name="test.contactDetailTest" time="36.820" errors="0" timestamp="2024-12-18T20:49:19 IST" skipped="0">
  <testcase classname="test.contactDetailTest" name="checkContactDetail" time="9.294"/>
  <system-out/>
  <testcase classname="test.contactDetailTest" name="editContactDetailTest" time="14.609"/>
  <system-out/>
  <testcase classname="test.contactDetailTest" name="deleteContactTest" time="12.917"/>
  <system-out/>
</testsuite> <!-- test.contactDetailTest -->
