<?xml version="1.0" encoding="UTF-8"?>
<!-- Generated by org.testng.reporters.JUnitReportReporter -->
<testsuite hostname="Abi" failures="0" tests="2" name="test.contactListTest" time="18.542" errors="0" timestamp="2024-12-18T20:49:19 IST" skipped="0">
  <testcase classname="test.contactListTest" name="validateContactDisplayTest" time="8.580"/>
  <system-out/>
  <testcase classname="test.contactListTest" name="logoutTest" time="9.962"/>
  <system-out/>
</testsuite> <!-- test.contactListTest -->
