<?xml version="1.0" encoding="UTF-8"?>
<!-- Generated by org.testng.reporters.JUnitReportReporter -->
<testsuite hostname="Abi" failures="0" tests="12" name="test.bookaHotelTest" time="144.784" errors="0" timestamp="2024-11-26T18:03:16 IST" skipped="0">
  <testcase classname="test.bookaHotelTest" name="bookTest" time="10.960"/>
  <system-out/>
  <testcase classname="test.bookaHotelTest" name="bookTest" time="17.531"/>
  <system-out/>
  <testcase classname="test.bookaHotelTest" name="bookTest" time="10.733"/>
  <system-out/>
  <testcase classname="test.bookaHotelTest" name="bookTest" time="10.464"/>
  <system-out/>
  <testcase classname="test.bookaHotelTest" name="bookTest" time="10.128"/>
  <system-out/>
  <testcase classname="test.bookaHotelTest" name="bookTest" time="11.703"/>
  <system-out/>
  <testcase classname="test.bookaHotelTest" name="bookTest" time="12.054"/>
  <system-out/>
  <testcase classname="test.bookaHotelTest" name="bookTest" time="10.223"/>
  <system-out/>
  <testcase classname="test.bookaHotelTest" name="bookTest" time="12.899"/>
  <system-out/>
  <testcase classname="test.bookaHotelTest" name="bookTest" time="12.126"/>
  <system-out/>
  <testcase classname="test.bookaHotelTest" name="bookTest" time="12.366"/>
  <system-out/>
  <testcase classname="test.bookaHotelTest" name="bookTest" time="13.597"/>
  <system-out/>
</testsuite> <!-- test.bookaHotelTest -->
