<?xml version="1.0" encoding="UTF-8"?>
<!-- Generated by org.testng.reporters.JUnitReportReporter -->
<testsuite hostname="Abi" failures="0" tests="2" name="test.loginTest" time="18.199" errors="0" timestamp="2024-11-26T18:03:16 IST" skipped="0">
  <testcase classname="test.loginTest" name="loginTestCase" time="9.424"/>
  <system-out/>
  <testcase classname="test.loginTest" name="loginTestCase" time="8.775"/>
  <system-out/>
</testsuite> <!-- test.loginTest -->
