<?xml version="1.0" encoding="UTF-8"?>
<!-- Generated by org.testng.reporters.JUnitReportReporter -->
<testsuite hostname="Abi" failures="0" tests="3" name="test.contactDetailTest" time="25.809" errors="0" timestamp="2024-12-18T22:43:43 IST" skipped="0">
  <testcase classname="test.contactDetailTest" name="deleteContactTest" time="8.208"/>
  <system-out/>
  <testcase classname="test.contactDetailTest" name="editContactDetailTest" time="10.861"/>
  <system-out/>
  <testcase classname="test.contactDetailTest" name="checkContactDetail" time="6.740"/>
  <system-out/>
</testsuite> <!-- test.contactDetailTest -->
