<?xml version="1.0" encoding="UTF-8"?>
<!-- Generated by org.testng.reporters.JUnitReportReporter -->
<testsuite hostname="Abi" failures="0" tests="12" name="testCase.bookaHotelTest" time="170.516" errors="0" timestamp="2024-11-27T18:17:25 IST" skipped="0">
  <testcase classname="testCase.bookaHotelTest" name="bookTest" time="13.086"/>
  <testcase classname="testCase.bookaHotelTest" name="bookTest" time="13.956"/>
  <testcase classname="testCase.bookaHotelTest" name="bookTest" time="13.844"/>
  <testcase classname="testCase.bookaHotelTest" name="bookTest" time="14.428"/>
  <testcase classname="testCase.bookaHotelTest" name="bookTest" time="14.434"/>
  <testcase classname="testCase.bookaHotelTest" name="bookTest" time="19.045"/>
  <testcase classname="testCase.bookaHotelTest" name="bookTest" time="12.737"/>
  <testcase classname="testCase.bookaHotelTest" name="bookTest" time="13.513"/>
  <testcase classname="testCase.bookaHotelTest" name="bookTest" time="13.761"/>
  <testcase classname="testCase.bookaHotelTest" name="bookTest" time="13.361"/>
  <testcase classname="testCase.bookaHotelTest" name="bookTest" time="14.346"/>
  <testcase classname="testCase.bookaHotelTest" name="bookTest" time="14.005"/>
</testsuite> <!-- testCase.bookaHotelTest -->
