<?xml version="1.0" encoding="UTF-8"?>
<!-- Generated by org.testng.reporters.JUnitReportReporter -->
<testsuite hostname="Abi" failures="0" tests="10" name="testCase.searchHotelTest" time="157.018" errors="0" timestamp="2024-11-27T18:17:25 IST" skipped="0">
  <testcase classname="testCase.searchHotelTest" name="searchTest" time="14.007"/>
  <testcase classname="testCase.searchHotelTest" name="searchTest" time="13.293"/>
  <testcase classname="testCase.searchHotelTest" name="searchTest" time="12.583"/>
  <testcase classname="testCase.searchHotelTest" name="searchTest" time="12.838"/>
  <testcase classname="testCase.searchHotelTest" name="searchTest" time="12.156"/>
  <testcase classname="testCase.searchHotelTest" name="searchTest" time="37.549"/>
  <testcase classname="testCase.searchHotelTest" name="searchTest" time="13.337"/>
  <testcase classname="testCase.searchHotelTest" name="searchTest" time="13.531"/>
  <testcase classname="testCase.searchHotelTest" name="searchTest" time="13.858"/>
  <testcase classname="testCase.searchHotelTest" name="searchTest" time="13.866"/>
</testsuite> <!-- testCase.searchHotelTest -->
