<?xml version="1.0" encoding="UTF-8"?>
<!-- Generated by org.testng.reporters.JUnitReportReporter -->
<testsuite hostname="Abi" failures="0" tests="1" name="testCase.selectHotelTest" time="12.942" errors="0" timestamp="2024-11-27T18:17:25 IST" skipped="0">
  <testcase classname="testCase.selectHotelTest" name="selectTest" time="12.942"/>
</testsuite> <!-- testCase.selectHotelTest -->
