<?xml version="1.0" encoding="UTF-8"?>
<!-- Generated by org.testng.reporters.JUnitReportReporter -->
<testsuite hostname="Abi" failures="0" tests="2" name="testCase.loginTest" time="32.103" errors="0" timestamp="2024-11-27T18:17:25 IST" skipped="0">
  <testcase classname="testCase.loginTest" name="loginTestCase" time="12.295"/>
  <testcase classname="testCase.loginTest" name="loginTestCase" time="19.808"/>
</testsuite> <!-- testCase.loginTest -->
