<?xml version="1.0" encoding="UTF-8"?>
<!-- Generated by org.testng.reporters.JUnitReportReporter -->
<testsuite hostname="Abi" failures="0" tests="5" name="testCase.otherTest" time="164.045" errors="0" timestamp="2024-11-27T18:17:25 IST" skipped="0">
  <testcase classname="testCase.otherTest" name="otherScenarioTest" time="61.937"/>
  <testcase classname="testCase.otherTest" name="otherScenarioTest" time="20.143"/>
  <testcase classname="testCase.otherTest" name="otherScenarioTest" time="35.935"/>
  <testcase classname="testCase.otherTest" name="otherScenarioTest" time="36.659"/>
  <testcase classname="testCase.otherTest" name="otherScenarioTest" time="9.371"/>
</testsuite> <!-- testCase.otherTest -->
